<?xml version="1.0" encoding="UTF-8"?>
<!-- Generated by org.testng.reporters.JUnitXMLReporter -->
<testsuite ignored="0" hostname="ArijitSengupta" failures="0" tests="4" name="Surefire test" time="22.378" errors="0" timestamp="2021-07-25T09:19:33 IST">
  <testcase classname="Academy.HomePageTest" name="basePageNavigation" time="4.933"/>
  <testcase classname="Academy.HomePageTest" name="basePageNavigation" time="5.325"/>
  <testcase classname="Academy.ValidateNavigationBarTest" name="basePageNavigation" time="0.194"/>
  <testcase classname="Academy.ValidateTitleTest" name="validatePageTitle" time="0.064"/>
</testsuite> <!-- Surefire test -->
